2021-08-12 17:36:53,333 [Worker-2] INFO  o.e.m.c.i.l.LifecycleMappingFactory - Using org.eclipse.m2e.jdt.JarLifecycleMapping lifecycle mapping for MavenProject: com.contactura:contactura:0.0.1-SNAPSHOT @ C:\Users\Mário\Desktop\contacturabackend\contactura\pom.xml.
2021-08-12 17:37:18,985 [Worker-2] INFO  o.e.m.j.i.AbstractJavaProjectConfigurator - Adding source folder /contactura/src/main/java
2021-08-12 17:37:18,987 [Worker-2] INFO  o.e.m.j.i.AbstractJavaProjectConfigurator - Adding resource folder /contactura/src/main/resources
2021-08-12 17:37:18,995 [Worker-2] INFO  o.e.m.j.i.AbstractJavaProjectConfigurator - Adding resource folder /contactura/src/main/resources
2021-08-12 17:37:19,021 [Worker-2] INFO  o.e.m.j.i.AbstractJavaProjectConfigurator - Adding source folder /contactura/src/test/java
2021-08-12 17:37:34,505 [Worker-2] INFO  o.e.m.c.i.p.ProjectConfigurationManager - Imported and configured 1 project(s) in 59 sec
2021-08-12 17:37:50,614 [Worker-13] INFO  o.e.m.c.i.embedder.EclipseLogger - Using 'UTF-8' encoding to copy filtered resources.
2021-08-12 17:37:50,615 [Worker-13] INFO  o.e.m.c.i.embedder.EclipseLogger - Using 'UTF-8' encoding to copy filtered properties files.
2021-08-12 17:37:50,731 [Worker-13] INFO  o.e.m.c.i.embedder.EclipseLogger - Copying 1 resource
2021-08-12 17:37:51,901 [Worker-13] INFO  o.e.m.c.i.embedder.EclipseLogger - Copying 0 resource
2021-08-12 17:37:51,906 [Worker-13] INFO  o.e.m.c.i.embedder.EclipseLogger - Using 'UTF-8' encoding to copy filtered resources.
2021-08-12 17:37:51,906 [Worker-13] INFO  o.e.m.c.i.embedder.EclipseLogger - Using 'UTF-8' encoding to copy filtered properties files.
2021-08-12 17:37:51,906 [Worker-13] INFO  o.e.m.c.i.embedder.EclipseLogger - skip non existing resourceDirectory C:\Users\Mário\Desktop\contacturabackend\contactura\src\test\resources
2021-08-12 17:39:59,552 [Worker-13] INFO  o.e.m.c.i.l.LifecycleMappingFactory - Using org.eclipse.m2e.jdt.JarLifecycleMapping lifecycle mapping for MavenProject: com.contactura:contactura:0.0.1-SNAPSHOT @ C:\Users\Mário\Desktop\contacturabackend\contactura\pom.xml.
2021-08-12 17:40:04,899 [Worker-13] INFO  o.e.m.c.i.embedder.EclipseLogger - Using 'UTF-8' encoding to copy filtered resources.
2021-08-12 17:40:04,899 [Worker-13] INFO  o.e.m.c.i.embedder.EclipseLogger - Using 'UTF-8' encoding to copy filtered properties files.
2021-08-12 17:40:04,907 [Worker-13] INFO  o.e.m.c.i.embedder.EclipseLogger - Copying 0 resource
2021-08-12 17:40:04,908 [Worker-13] INFO  o.e.m.c.i.embedder.EclipseLogger - Copying 0 resource
2021-08-12 17:40:04,912 [Worker-13] INFO  o.e.m.c.i.embedder.EclipseLogger - Using 'UTF-8' encoding to copy filtered resources.
2021-08-12 17:40:04,912 [Worker-13] INFO  o.e.m.c.i.embedder.EclipseLogger - Using 'UTF-8' encoding to copy filtered properties files.
2021-08-12 17:40:04,912 [Worker-13] INFO  o.e.m.c.i.embedder.EclipseLogger - skip non existing resourceDirectory C:\Users\Mário\Desktop\contacturabackend\contactura\src\test\resources
2021-08-12 17:46:31,217 [Worker-16] INFO  o.e.m.c.i.embedder.EclipseLogger - Using 'UTF-8' encoding to copy filtered resources.
2021-08-12 17:46:31,225 [Worker-16] INFO  o.e.m.c.i.embedder.EclipseLogger - Using 'UTF-8' encoding to copy filtered properties files.
2021-08-12 17:46:31,232 [Worker-16] INFO  o.e.m.c.i.embedder.EclipseLogger - Copying 1 resource
2021-08-12 17:46:31,279 [Worker-16] INFO  o.e.m.c.i.embedder.EclipseLogger - Copying 0 resource
2021-08-12 17:46:31,286 [Worker-16] INFO  o.e.m.c.i.embedder.EclipseLogger - Using 'UTF-8' encoding to copy filtered resources.
2021-08-12 17:46:31,286 [Worker-16] INFO  o.e.m.c.i.embedder.EclipseLogger - Using 'UTF-8' encoding to copy filtered properties files.
2021-08-12 17:46:31,286 [Worker-16] INFO  o.e.m.c.i.embedder.EclipseLogger - skip non existing resourceDirectory C:\Users\Mário\Desktop\contacturabackend\contactura\src\test\resources
2021-08-12 17:46:45,580 [Worker-18] INFO  o.e.m.i.launch.MavenLaunchDelegate - C:\Users\Mário\Desktop\contacturabackend\contactura
2021-08-12 17:46:45,582 [Worker-18] INFO  o.e.m.i.launch.MavenLaunchDelegate -  mvn -B install
2021-08-12 17:47:20,230 [Worker-9] INFO  o.e.m.c.i.embedder.EclipseLogger - Using 'UTF-8' encoding to copy filtered resources.
2021-08-12 17:47:20,231 [Worker-9] INFO  o.e.m.c.i.embedder.EclipseLogger - Using 'UTF-8' encoding to copy filtered properties files.
2021-08-12 17:47:20,236 [Worker-9] INFO  o.e.m.c.i.embedder.EclipseLogger - Copying 1 resource
2021-08-12 17:47:20,249 [Worker-9] INFO  o.e.m.c.i.embedder.EclipseLogger - Copying 0 resource
2021-08-12 17:47:20,253 [Worker-9] INFO  o.e.m.c.i.embedder.EclipseLogger - Using 'UTF-8' encoding to copy filtered resources.
2021-08-12 17:47:20,253 [Worker-9] INFO  o.e.m.c.i.embedder.EclipseLogger - Using 'UTF-8' encoding to copy filtered properties files.
2021-08-12 17:47:20,253 [Worker-9] INFO  o.e.m.c.i.embedder.EclipseLogger - skip non existing resourceDirectory C:\Users\Mário\Desktop\contacturabackend\contactura\src\test\resources
2021-08-12 17:47:59,355 [Worker-10] INFO  o.e.m.c.i.embedder.EclipseLogger - Using 'UTF-8' encoding to copy filtered resources.
2021-08-12 17:47:59,355 [Worker-10] INFO  o.e.m.c.i.embedder.EclipseLogger - Using 'UTF-8' encoding to copy filtered properties files.
2021-08-12 17:47:59,358 [Worker-10] INFO  o.e.m.c.i.embedder.EclipseLogger - Copying 1 resource
2021-08-12 17:47:59,387 [Worker-10] INFO  o.e.m.c.i.embedder.EclipseLogger - Using 'UTF-8' encoding to copy filtered resources.
2021-08-12 17:47:59,387 [Worker-10] INFO  o.e.m.c.i.embedder.EclipseLogger - Using 'UTF-8' encoding to copy filtered properties files.
2021-08-12 17:47:59,388 [Worker-10] INFO  o.e.m.c.i.embedder.EclipseLogger - skip non existing resourceDirectory C:\Users\Mário\Desktop\contacturabackend\contactura\src\test\resources
2021-08-12 17:48:32,147 [Worker-18] INFO  o.e.m.i.launch.MavenLaunchDelegate - C:\Users\Mário\Desktop\contacturabackend\contactura
2021-08-12 17:48:32,147 [Worker-18] INFO  o.e.m.i.launch.MavenLaunchDelegate -  mvn -B install
2021-08-12 17:49:07,544 [Worker-9] INFO  o.e.m.c.i.p.ProjectConfigurationManager - Update started
2021-08-12 17:49:09,045 [Worker-9] INFO  o.e.m.c.i.l.LifecycleMappingFactory - Using org.eclipse.m2e.jdt.JarLifecycleMapping lifecycle mapping for MavenProject: com.contactura:contactura:0.0.1-SNAPSHOT @ C:\Users\Mário\Desktop\contacturabackend\contactura\pom.xml.
2021-08-12 17:49:10,326 [Worker-9] INFO  o.e.m.j.i.AbstractJavaProjectConfigurator - Adding source folder /contactura/src/main/java
2021-08-12 17:49:10,328 [Worker-9] INFO  o.e.m.j.i.AbstractJavaProjectConfigurator - Adding resource folder /contactura/src/main/resources
2021-08-12 17:49:10,329 [Worker-9] INFO  o.e.m.j.i.AbstractJavaProjectConfigurator - Adding resource folder /contactura/src/main/resources
2021-08-12 17:49:10,330 [Worker-9] INFO  o.e.m.j.i.AbstractJavaProjectConfigurator - Adding source folder /contactura/src/test/java
2021-08-12 17:49:10,902 [Worker-9] INFO  o.e.m.c.i.p.ProjectConfigurationManager - Update completed: 3 sec
2021-08-12 17:49:18,970 [Worker-10] INFO  o.e.m.i.launch.MavenLaunchDelegate - C:\Users\Mário\Desktop\contacturabackend\contactura
2021-08-12 17:49:18,970 [Worker-10] INFO  o.e.m.i.launch.MavenLaunchDelegate -  mvn -B install
2021-08-12 17:49:57,917 [Worker-13] INFO  o.e.m.i.launch.MavenLaunchDelegate - C:\Users\Mário\Desktop\contacturabackend\contactura
2021-08-12 17:49:57,917 [Worker-13] INFO  o.e.m.i.launch.MavenLaunchDelegate -  mvn -B install
2021-08-12 17:50:40,258 [Worker-3] INFO  o.e.m.i.launch.MavenLaunchDelegate - C:\Users\Mário\Desktop\contacturabackend\contactura
2021-08-12 17:50:40,258 [Worker-3] INFO  o.e.m.i.launch.MavenLaunchDelegate -  mvn -B install
2021-08-12 17:52:13,223 [Worker-9] ERROR o.e.m2e.editor.pom.MavenPomEditor - failed to load maven project for org.eclipse.ui.part.FileEditorInput(/contactura/pom.xml)
org.eclipse.core.runtime.CoreException: Could not read maven project
	at org.eclipse.m2e.core.internal.project.registry.ProjectRegistryManager.readProjectWithDependencies(ProjectRegistryManager.java:804) ~[na:na]
	at org.eclipse.m2e.core.internal.project.registry.ProjectRegistryManager$6.call(ProjectRegistryManager.java:1010) ~[na:na]
	at org.eclipse.m2e.core.internal.project.registry.ProjectRegistryManager$6.call(ProjectRegistryManager.java:1) ~[na:na]
	at com.google.common.cache.LocalCache$LocalManualCache$1.load(LocalCache.java:4724) ~[na:na]
	at com.google.common.cache.LocalCache$LoadingValueReference.loadFuture(LocalCache.java:3522) ~[na:na]
	at com.google.common.cache.LocalCache$Segment.loadSync(LocalCache.java:2315) ~[na:na]
	at com.google.common.cache.LocalCache$Segment.lockedGetOrLoad(LocalCache.java:2278) ~[na:na]
	at com.google.common.cache.LocalCache$Segment.get(LocalCache.java:2193) ~[na:na]
	at com.google.common.cache.LocalCache.get(LocalCache.java:3932) ~[na:na]
	at com.google.common.cache.LocalCache$LocalManualCache.get(LocalCache.java:4721) ~[na:na]
	at org.eclipse.m2e.core.internal.project.registry.ProjectRegistryManager.getMavenProject(ProjectRegistryManager.java:1008) ~[na:na]
	at org.eclipse.m2e.core.internal.project.registry.MavenProjectFacade.getMavenProject(MavenProjectFacade.java:242) ~[na:na]
	at org.eclipse.m2e.core.ui.internal.actions.SelectionUtil.getMavenProject(SelectionUtil.java:261) ~[org.eclipse.m2e.core.ui_1.7.0.20160603-1933.jar:na]
	at org.eclipse.m2e.editor.pom.MavenPomEditor.readMavenProject(MavenPomEditor.java:732) ~[na:na]
	at org.eclipse.m2e.editor.pom.MavenPomEditor$5.run(MavenPomEditor.java:1053) ~[na:na]
	at org.eclipse.core.internal.jobs.Worker.run(Worker.java:55) [org.eclipse.core.jobs_3.8.0.v20160509-0411.jar:na]
2021-08-12 17:52:17,073 [Worker-0] INFO  o.e.m.i.launch.MavenLaunchDelegate - C:\Users\Mário\Desktop\contacturabackend\contactura
2021-08-12 17:52:17,074 [Worker-0] INFO  o.e.m.i.launch.MavenLaunchDelegate -  mvn -B install
2021-08-12 17:52:53,034 [Worker-0] INFO  o.e.m.i.launch.MavenLaunchDelegate - C:\Users\Mário\Desktop\contacturabackend\contactura
2021-08-12 17:52:53,034 [Worker-0] INFO  o.e.m.i.launch.MavenLaunchDelegate -  mvn -B install
2021-08-12 17:53:49,984 [Worker-10] INFO  o.e.m.i.launch.MavenLaunchDelegate - C:\Users\Mário\Desktop\contacturabackend\contactura
2021-08-12 17:53:49,984 [Worker-10] INFO  o.e.m.i.launch.MavenLaunchDelegate -  mvn -B install
2021-08-12 17:56:26,390 [Worker-21] INFO  o.e.m.i.launch.MavenLaunchDelegate - C:\Users\Mário\Desktop\contacturabackend\contactura
2021-08-12 17:56:26,391 [Worker-21] INFO  o.e.m.i.launch.MavenLaunchDelegate -  mvn -B install
2021-08-12 17:58:30,282 [Worker-23] INFO  o.e.m.c.i.p.ProjectConfigurationManager - Update started
2021-08-12 17:58:31,969 [Worker-23] INFO  o.e.m.c.i.l.LifecycleMappingFactory - Using org.eclipse.m2e.jdt.JarLifecycleMapping lifecycle mapping for MavenProject: com.contactura:contactura:0.0.1-SNAPSHOT @ C:\Users\Mário\Desktop\contacturabackend\contactura\pom.xml.
2021-08-12 17:58:39,762 [Worker-23] INFO  o.e.m.j.i.AbstractJavaProjectConfigurator - Adding source folder /contactura/src/main/java
2021-08-12 17:58:39,763 [Worker-23] INFO  o.e.m.j.i.AbstractJavaProjectConfigurator - Adding resource folder /contactura/src/main/resources
2021-08-12 17:58:39,764 [Worker-23] INFO  o.e.m.j.i.AbstractJavaProjectConfigurator - Adding resource folder /contactura/src/main/resources
2021-08-12 17:58:39,765 [Worker-23] INFO  o.e.m.j.i.AbstractJavaProjectConfigurator - Adding source folder /contactura/src/test/java
2021-08-12 17:58:40,714 [Worker-23] INFO  o.e.m.c.i.p.ProjectConfigurationManager - Update completed: 10 sec
2021-08-12 17:58:47,579 [Worker-23] INFO  o.e.m.i.launch.MavenLaunchDelegate - C:\Users\Mário\Desktop\contacturabackend\contactura
2021-08-12 17:58:47,580 [Worker-23] INFO  o.e.m.i.launch.MavenLaunchDelegate -  mvn -B install
2021-08-12 18:01:56,547 [Worker-29] INFO  o.e.m.i.launch.MavenLaunchDelegate - C:\Users\Mário\Desktop\contacturabackend\contactura
2021-08-12 18:01:56,547 [Worker-29] INFO  o.e.m.i.launch.MavenLaunchDelegate -  mvn -B install
2021-08-12 18:51:42,206 [main] ERROR o.e.m2e.editor.pom.OverviewPage - Failed to populate overview panel
java.lang.NullPointerException: null
	at org.eclipse.m2e.core.ui.internal.editing.PomEdits.performOnDOMDocument(PomEdits.java:510) ~[org.eclipse.m2e.core.ui_1.7.0.20160603-1933.jar:na]
	at org.eclipse.m2e.editor.pom.OverviewPage$17.run(OverviewPage.java:1129) ~[na:na]
	at org.eclipse.swt.widgets.RunnableLock.run(RunnableLock.java:35) [org.eclipse.swt.win32.win32.x86_64_3.105.3.v20170228-0512.jar:na]
	at org.eclipse.swt.widgets.Synchronizer.runAsyncMessages(Synchronizer.java:182) [org.eclipse.swt.win32.win32.x86_64_3.105.3.v20170228-0512.jar:na]
	at org.eclipse.swt.widgets.Display.runAsyncMessages(Display.java:4211) [org.eclipse.swt.win32.win32.x86_64_3.105.3.v20170228-0512.jar:na]
	at org.eclipse.swt.widgets.Display.readAndDispatch(Display.java:3827) [org.eclipse.swt.win32.win32.x86_64_3.105.3.v20170228-0512.jar:na]
	at org.eclipse.e4.ui.internal.workbench.swt.PartRenderingEngine$4.run(PartRenderingEngine.java:1121) [org.eclipse.e4.ui.workbench.swt_0.14.1.v20160829-0832.jar:na]
	at org.eclipse.core.databinding.observable.Realm.runWithDefault(Realm.java:336) [org.eclipse.core.databinding.observable_1.6.0.v20160511-1747.jar:na]
	at org.eclipse.e4.ui.internal.workbench.swt.PartRenderingEngine.run(PartRenderingEngine.java:1022) [org.eclipse.e4.ui.workbench.swt_0.14.1.v20160829-0832.jar:na]
	at org.eclipse.e4.ui.internal.workbench.E4Workbench.createAndRunUI(E4Workbench.java:150) [org.eclipse.e4.ui.workbench_1.4.0.v20160517-1624.jar:na]
	at org.eclipse.ui.internal.Workbench$5.run(Workbench.java:693) [org.eclipse.ui.workbench_3.108.3.v20170216-1539.jar:na]
	at org.eclipse.core.databinding.observable.Realm.runWithDefault(Realm.java:336) [org.eclipse.core.databinding.observable_1.6.0.v20160511-1747.jar:na]
	at org.eclipse.ui.internal.Workbench.createAndRunWorkbench(Workbench.java:610) [org.eclipse.ui.workbench_3.108.3.v20170216-1539.jar:na]
	at org.eclipse.ui.PlatformUI.createAndRunWorkbench(PlatformUI.java:148) [org.eclipse.ui.workbench_3.108.3.v20170216-1539.jar:na]
	at org.eclipse.ui.internal.ide.application.IDEApplication.start(IDEApplication.java:138) [org.eclipse.ui.ide.application_1.1.101.v20160829-0827.jar:na]
	at org.eclipse.equinox.internal.app.EclipseAppHandle.run(EclipseAppHandle.java:196) [org.eclipse.equinox.app_1.3.400.v20150715-1528.jar:na]
	at org.eclipse.core.runtime.internal.adaptor.EclipseAppLauncher.runApplication(EclipseAppLauncher.java:134) [org.eclipse.osgi_3.11.3.v20170209-1843.jar:na]
	at org.eclipse.core.runtime.internal.adaptor.EclipseAppLauncher.start(EclipseAppLauncher.java:104) [org.eclipse.osgi_3.11.3.v20170209-1843.jar:na]
	at org.eclipse.core.runtime.adaptor.EclipseStarter.run(EclipseStarter.java:388) [org.eclipse.osgi_3.11.3.v20170209-1843.jar:na]
	at org.eclipse.core.runtime.adaptor.EclipseStarter.run(EclipseStarter.java:243) [org.eclipse.osgi_3.11.3.v20170209-1843.jar:na]
	at sun.reflect.NativeMethodAccessorImpl.invoke0(Native Method) ~[na:1.8.0_251]
	at sun.reflect.NativeMethodAccessorImpl.invoke(NativeMethodAccessorImpl.java:62) ~[na:1.8.0_251]
	at sun.reflect.DelegatingMethodAccessorImpl.invoke(DelegatingMethodAccessorImpl.java:43) ~[na:1.8.0_251]
	at java.lang.reflect.Method.invoke(Method.java:498) ~[na:1.8.0_251]
	at org.eclipse.equinox.launcher.Main.invokeFramework(Main.java:673) [org.eclipse.equinox.launcher_1.3.201.v20161025-1711.jar:na]
	at org.eclipse.equinox.launcher.Main.basicRun(Main.java:610) [org.eclipse.equinox.launcher_1.3.201.v20161025-1711.jar:na]
	at org.eclipse.equinox.launcher.Main.run(Main.java:1519) [org.eclipse.equinox.launcher_1.3.201.v20161025-1711.jar:na]
2021-08-12 20:27:26,078 [Worker-51] INFO  o.e.m.c.i.p.ProjectConfigurationManager - Update started
2021-08-12 20:27:39,122 [Worker-51] INFO  o.e.m.c.i.l.LifecycleMappingFactory - Using org.eclipse.m2e.jdt.JarLifecycleMapping lifecycle mapping for MavenProject: com.contactura:contactura:0.0.1-SNAPSHOT @ C:\Users\Mário\Desktop\contacturabackend\contactura\pom.xml.
2021-08-12 20:27:45,979 [Worker-51] INFO  o.e.m.j.i.AbstractJavaProjectConfigurator - Adding source folder /contactura/src/main/java
2021-08-12 20:27:45,980 [Worker-51] INFO  o.e.m.j.i.AbstractJavaProjectConfigurator - Adding resource folder /contactura/src/main/resources
2021-08-12 20:27:45,981 [Worker-51] INFO  o.e.m.j.i.AbstractJavaProjectConfigurator - Adding resource folder /contactura/src/main/resources
2021-08-12 20:27:45,982 [Worker-51] INFO  o.e.m.j.i.AbstractJavaProjectConfigurator - Adding source folder /contactura/src/test/java
2021-08-12 20:27:46,967 [Worker-51] INFO  o.e.m.c.i.p.ProjectConfigurationManager - Update completed: 20 sec
2021-08-12 20:28:15,795 [Worker-53] INFO  o.e.m.c.i.embedder.EclipseLogger - Using 'UTF-8' encoding to copy filtered resources.
2021-08-12 20:28:15,804 [Worker-53] INFO  o.e.m.c.i.embedder.EclipseLogger - Copying 1 resource
2021-08-12 20:28:15,843 [Worker-53] INFO  o.e.m.c.i.embedder.EclipseLogger - Copying 0 resource
2021-08-12 20:28:15,848 [Worker-53] INFO  o.e.m.c.i.embedder.EclipseLogger - Using 'UTF-8' encoding to copy filtered resources.
2021-08-12 20:28:15,848 [Worker-53] INFO  o.e.m.c.i.embedder.EclipseLogger - skip non existing resourceDirectory C:\Users\Mário\Desktop\contacturabackend\contactura\src\test\resources
2021-08-12 20:53:27,105 [Worker-58] WARN  o.e.r.models.ModelRepository - Failed to download org.eclipse.recommenders:index::zip:0.0.0
org.eclipse.aether.resolution.ArtifactResolutionException: Could not find artifact org.eclipse.recommenders:index:zip:0.0.0-SNAPSHOT in models (http://download.eclipse.org/recommenders/models/neon/)
	at org.eclipse.aether.internal.impl.DefaultArtifactResolver.resolve(DefaultArtifactResolver.java:444) ~[na:na]
	at org.eclipse.aether.internal.impl.DefaultArtifactResolver.resolveArtifacts(DefaultArtifactResolver.java:246) ~[na:na]
	at org.eclipse.aether.internal.impl.DefaultArtifactResolver.resolveArtifact(DefaultArtifactResolver.java:223) ~[na:na]
	at org.eclipse.aether.internal.impl.DefaultRepositorySystem.resolveArtifact(DefaultRepositorySystem.java:294) ~[na:na]
	at org.eclipse.recommenders.models.ModelRepository.resolveInternal(ModelRepository.java:193) [org.eclipse.recommenders.models_2.4.6.v20170307-1041.jar:na]
	at org.eclipse.recommenders.models.ModelRepository.resolve(ModelRepository.java:172) [org.eclipse.recommenders.models_2.4.6.v20170307-1041.jar:na]
	at org.eclipse.recommenders.internal.models.rcp.EclipseModelRepository.resolve(EclipseModelRepository.java:169) [org.eclipse.recommenders.models.rcp_2.4.6.v20170307-1041.jar:na]
	at org.eclipse.recommenders.internal.models.rcp.DownloadModelArchiveJob.run(DownloadModelArchiveJob.java:76) [org.eclipse.recommenders.models.rcp_2.4.6.v20170307-1041.jar:na]
	at org.eclipse.core.internal.jobs.Worker.run(Worker.java:55) [org.eclipse.core.jobs_3.8.0.v20160509-0411.jar:na]
Caused by: org.eclipse.aether.transfer.ArtifactNotFoundException: Could not find artifact org.eclipse.recommenders:index:zip:0.0.0-SNAPSHOT in models (http://download.eclipse.org/recommenders/models/neon/)
	at org.eclipse.aether.connector.basic.ArtifactTransportListener.transferFailed(ArtifactTransportListener.java:39) ~[org.eclipse.aether.connector.basic_1.0.1.v20141111.jar:na]
	at org.eclipse.aether.connector.basic.BasicRepositoryConnector$TaskRunner.run(BasicRepositoryConnector.java:355) ~[org.eclipse.aether.connector.basic_1.0.1.v20141111.jar:na]
	at org.eclipse.aether.util.concurrency.RunnableErrorForwarder$1.run(RunnableErrorForwarder.java:67) ~[na:na]
	at org.eclipse.aether.connector.basic.BasicRepositoryConnector$DirectExecutor.execute(BasicRepositoryConnector.java:581) ~[org.eclipse.aether.connector.basic_1.0.1.v20141111.jar:na]
	at org.eclipse.aether.connector.basic.BasicRepositoryConnector.get(BasicRepositoryConnector.java:249) ~[org.eclipse.aether.connector.basic_1.0.1.v20141111.jar:na]
	at org.eclipse.aether.internal.impl.DefaultArtifactResolver.performDownloads(DefaultArtifactResolver.java:520) ~[na:na]
	at org.eclipse.aether.internal.impl.DefaultArtifactResolver.resolve(DefaultArtifactResolver.java:421) ~[na:na]
	... 8 common frames omitted
2021-08-12 21:01:22,423 [Worker-59] INFO  o.e.m.c.i.embedder.EclipseLogger - Using 'UTF-8' encoding to copy filtered resources.
2021-08-12 21:01:22,428 [Worker-59] INFO  o.e.m.c.i.embedder.EclipseLogger - Copying 1 resource
2021-08-12 21:01:22,434 [Worker-59] INFO  o.e.m.c.i.embedder.EclipseLogger - Copying 0 resource
2021-08-12 21:01:22,437 [Worker-59] INFO  o.e.m.c.i.embedder.EclipseLogger - Using 'UTF-8' encoding to copy filtered resources.
2021-08-12 21:01:22,438 [Worker-59] INFO  o.e.m.c.i.embedder.EclipseLogger - skip non existing resourceDirectory C:\Users\Mário\Desktop\contacturabackend\contactura\src\test\resources
2021-08-12 21:17:09,670 [Worker-70] INFO  o.e.m.c.i.embedder.EclipseLogger - Using 'UTF-8' encoding to copy filtered resources.
2021-08-12 21:17:09,673 [Worker-70] INFO  o.e.m.c.i.embedder.EclipseLogger - Copying 1 resource
2021-08-12 21:17:09,678 [Worker-70] INFO  o.e.m.c.i.embedder.EclipseLogger - Copying 0 resource
2021-08-12 21:17:09,685 [Worker-70] INFO  o.e.m.c.i.embedder.EclipseLogger - Using 'UTF-8' encoding to copy filtered resources.
2021-08-12 21:17:09,686 [Worker-70] INFO  o.e.m.c.i.embedder.EclipseLogger - skip non existing resourceDirectory C:\Users\Mário\Desktop\contacturabackend\contactura\src\test\resources
2021-08-12 21:18:57,032 [Worker-70] INFO  o.e.m.c.i.p.ProjectConfigurationManager - Update started
2021-08-12 21:18:59,155 [Worker-70] INFO  o.e.m.c.i.l.LifecycleMappingFactory - Using org.eclipse.m2e.jdt.JarLifecycleMapping lifecycle mapping for MavenProject: com.contactura:contactura:0.0.1-SNAPSHOT @ C:\Users\Mário\Desktop\contacturabackend\contactura\pom.xml.
2021-08-12 21:19:00,898 [Worker-70] INFO  o.e.m.j.i.AbstractJavaProjectConfigurator - Adding source folder /contactura/src/main/java
2021-08-12 21:19:00,899 [Worker-70] INFO  o.e.m.j.i.AbstractJavaProjectConfigurator - Adding resource folder /contactura/src/main/resources
2021-08-12 21:19:00,900 [Worker-70] INFO  o.e.m.j.i.AbstractJavaProjectConfigurator - Adding resource folder /contactura/src/main/resources
2021-08-12 21:19:00,901 [Worker-70] INFO  o.e.m.j.i.AbstractJavaProjectConfigurator - Adding source folder /contactura/src/test/java
2021-08-12 21:19:01,680 [Worker-70] INFO  o.e.m.c.i.p.ProjectConfigurationManager - Update completed: 4 sec
2021-08-12 21:19:09,154 [Worker-61] INFO  o.e.m.c.i.embedder.EclipseLogger - Using 'UTF-8' encoding to copy filtered resources.
2021-08-12 21:19:09,156 [Worker-61] INFO  o.e.m.c.i.embedder.EclipseLogger - Copying 1 resource
2021-08-12 21:19:09,223 [Worker-61] INFO  o.e.m.c.i.embedder.EclipseLogger - Copying 0 resource
2021-08-12 21:19:09,239 [Worker-61] INFO  o.e.m.c.i.embedder.EclipseLogger - Using 'UTF-8' encoding to copy filtered resources.
2021-08-12 21:19:09,240 [Worker-61] INFO  o.e.m.c.i.embedder.EclipseLogger - skip non existing resourceDirectory C:\Users\Mário\Desktop\contacturabackend\contactura\src\test\resources
2021-08-12 21:27:49,723 [Worker-73] INFO  o.e.m.c.i.embedder.EclipseLogger - Using 'UTF-8' encoding to copy filtered resources.
2021-08-12 21:27:49,728 [Worker-73] INFO  o.e.m.c.i.embedder.EclipseLogger - Copying 1 resource
2021-08-12 21:27:49,748 [Worker-73] INFO  o.e.m.c.i.embedder.EclipseLogger - Copying 0 resource
2021-08-12 21:27:49,752 [Worker-73] INFO  o.e.m.c.i.embedder.EclipseLogger - Using 'UTF-8' encoding to copy filtered resources.
2021-08-12 21:27:49,752 [Worker-73] INFO  o.e.m.c.i.embedder.EclipseLogger - skip non existing resourceDirectory C:\Users\Mário\Desktop\contacturabackend\contactura\src\test\resources
2021-08-12 22:13:34,162 [Worker-11] WARN  o.e.r.models.ModelRepository - Failed to download org.eclipse.recommenders:index::zip:0.0.0
org.eclipse.aether.resolution.ArtifactResolutionException: Could not find artifact org.eclipse.recommenders:index:zip:0.0.0-SNAPSHOT in models (http://download.eclipse.org/recommenders/models/neon/)
	at org.eclipse.aether.internal.impl.DefaultArtifactResolver.resolve(DefaultArtifactResolver.java:444) ~[na:na]
	at org.eclipse.aether.internal.impl.DefaultArtifactResolver.resolveArtifacts(DefaultArtifactResolver.java:246) ~[na:na]
	at org.eclipse.aether.internal.impl.DefaultArtifactResolver.resolveArtifact(DefaultArtifactResolver.java:223) ~[na:na]
	at org.eclipse.aether.internal.impl.DefaultRepositorySystem.resolveArtifact(DefaultRepositorySystem.java:294) ~[na:na]
	at org.eclipse.recommenders.models.ModelRepository.resolveInternal(ModelRepository.java:193) [org.eclipse.recommenders.models_2.4.6.v20170307-1041.jar:na]
	at org.eclipse.recommenders.models.ModelRepository.resolve(ModelRepository.java:172) [org.eclipse.recommenders.models_2.4.6.v20170307-1041.jar:na]
	at org.eclipse.recommenders.internal.models.rcp.EclipseModelRepository.resolve(EclipseModelRepository.java:169) [org.eclipse.recommenders.models.rcp_2.4.6.v20170307-1041.jar:na]
	at org.eclipse.recommenders.internal.models.rcp.DownloadModelArchiveJob.run(DownloadModelArchiveJob.java:76) [org.eclipse.recommenders.models.rcp_2.4.6.v20170307-1041.jar:na]
	at org.eclipse.core.internal.jobs.Worker.run(Worker.java:55) [org.eclipse.core.jobs_3.8.0.v20160509-0411.jar:na]
Caused by: org.eclipse.aether.transfer.ArtifactNotFoundException: Could not find artifact org.eclipse.recommenders:index:zip:0.0.0-SNAPSHOT in models (http://download.eclipse.org/recommenders/models/neon/)
	at org.eclipse.aether.connector.basic.ArtifactTransportListener.transferFailed(ArtifactTransportListener.java:39) ~[org.eclipse.aether.connector.basic_1.0.1.v20141111.jar:na]
	at org.eclipse.aether.connector.basic.BasicRepositoryConnector$TaskRunner.run(BasicRepositoryConnector.java:355) ~[org.eclipse.aether.connector.basic_1.0.1.v20141111.jar:na]
	at org.eclipse.aether.util.concurrency.RunnableErrorForwarder$1.run(RunnableErrorForwarder.java:67) ~[na:na]
	at org.eclipse.aether.connector.basic.BasicRepositoryConnector$DirectExecutor.execute(BasicRepositoryConnector.java:581) ~[org.eclipse.aether.connector.basic_1.0.1.v20141111.jar:na]
	at org.eclipse.aether.connector.basic.BasicRepositoryConnector.get(BasicRepositoryConnector.java:249) ~[org.eclipse.aether.connector.basic_1.0.1.v20141111.jar:na]
	at org.eclipse.aether.internal.impl.DefaultArtifactResolver.performDownloads(DefaultArtifactResolver.java:520) ~[na:na]
	at org.eclipse.aether.internal.impl.DefaultArtifactResolver.resolve(DefaultArtifactResolver.java:421) ~[na:na]
	... 8 common frames omitted
2021-08-13 10:46:26,226 [Worker-24] INFO  o.e.m.i.launch.MavenLaunchDelegate - C:\Users\Mário\Desktop\contacturabackend\contactura
2021-08-13 10:46:26,258 [Worker-24] INFO  o.e.m.i.launch.MavenLaunchDelegate -  mvn -B clean
2021-08-13 10:46:47,725 [Worker-24] INFO  o.e.m.c.i.p.ProjectConfigurationManager - Update started
2021-08-13 10:46:52,771 [Worker-24] INFO  o.e.m.c.i.l.LifecycleMappingFactory - Using org.eclipse.m2e.jdt.JarLifecycleMapping lifecycle mapping for MavenProject: com.contactura:contactura:0.0.1-SNAPSHOT @ C:\Users\Mário\Desktop\contacturabackend\contactura\pom.xml.
2021-08-13 10:46:59,604 [Worker-24] INFO  o.e.m.j.i.AbstractJavaProjectConfigurator - Adding source folder /contactura/src/main/java
2021-08-13 10:46:59,604 [Worker-24] INFO  o.e.m.j.i.AbstractJavaProjectConfigurator - Adding resource folder /contactura/src/main/resources
2021-08-13 10:46:59,604 [Worker-24] INFO  o.e.m.j.i.AbstractJavaProjectConfigurator - Adding resource folder /contactura/src/main/resources
2021-08-13 10:46:59,604 [Worker-24] INFO  o.e.m.j.i.AbstractJavaProjectConfigurator - Adding source folder /contactura/src/test/java
2021-08-13 10:47:00,447 [Worker-24] INFO  o.e.m.c.i.p.ProjectConfigurationManager - Update completed: 12 sec
2021-08-13 10:47:05,872 [Worker-24] INFO  o.e.m.i.launch.MavenLaunchDelegate - C:\Users\Mário\Desktop\contacturabackend\contactura
2021-08-13 10:47:05,872 [Worker-24] INFO  o.e.m.i.launch.MavenLaunchDelegate -  mvn -B install
2021-08-13 10:48:33,062 [Worker-25] INFO  o.e.m.c.i.embedder.EclipseLogger - Using 'UTF-8' encoding to copy filtered resources.
2021-08-13 10:48:33,093 [Worker-25] INFO  o.e.m.c.i.embedder.EclipseLogger - Copying 1 resource
2021-08-13 10:48:33,124 [Worker-25] INFO  o.e.m.c.i.embedder.EclipseLogger - Copying 0 resource
2021-08-13 10:48:33,140 [Worker-25] INFO  o.e.m.c.i.embedder.EclipseLogger - Using 'UTF-8' encoding to copy filtered resources.
2021-08-13 10:48:33,140 [Worker-25] INFO  o.e.m.c.i.embedder.EclipseLogger - skip non existing resourceDirectory C:\Users\Mário\Desktop\contacturabackend\contactura\src\test\resources
2021-08-13 10:53:17,923 [Worker-26] INFO  o.e.m.c.i.embedder.EclipseLogger - Using 'UTF-8' encoding to copy filtered resources.
2021-08-13 10:53:17,939 [Worker-26] INFO  o.e.m.c.i.embedder.EclipseLogger - Copying 1 resource
2021-08-13 10:53:17,939 [Worker-26] INFO  o.e.m.c.i.embedder.EclipseLogger - Copying 0 resource
2021-08-13 10:53:17,955 [Worker-26] INFO  o.e.m.c.i.embedder.EclipseLogger - Using 'UTF-8' encoding to copy filtered resources.
2021-08-13 10:53:17,955 [Worker-26] INFO  o.e.m.c.i.embedder.EclipseLogger - skip non existing resourceDirectory C:\Users\Mário\Desktop\contacturabackend\contactura\src\test\resources
2021-08-13 11:00:18,529 [Worker-26] INFO  o.e.m.c.i.embedder.EclipseLogger - Using 'UTF-8' encoding to copy filtered resources.
2021-08-13 11:00:18,529 [Worker-26] INFO  o.e.m.c.i.embedder.EclipseLogger - Copying 1 resource
2021-08-13 11:00:18,544 [Worker-26] INFO  o.e.m.c.i.embedder.EclipseLogger - Copying 0 resource
2021-08-13 11:00:18,544 [Worker-26] INFO  o.e.m.c.i.embedder.EclipseLogger - Using 'UTF-8' encoding to copy filtered resources.
2021-08-13 11:00:18,544 [Worker-26] INFO  o.e.m.c.i.embedder.EclipseLogger - skip non existing resourceDirectory C:\Users\Mário\Desktop\contacturabackend\contactura\src\test\resources
2021-08-18 09:28:41,574 [Worker-24] WARN  o.e.r.models.ModelRepository - Failed to download org.eclipse.recommenders:index::zip:0.0.0
org.eclipse.aether.resolution.ArtifactResolutionException: Could not find artifact org.eclipse.recommenders:index:zip:0.0.0-SNAPSHOT in models (http://download.eclipse.org/recommenders/models/neon/)
	at org.eclipse.aether.internal.impl.DefaultArtifactResolver.resolve(DefaultArtifactResolver.java:444) ~[na:na]
	at org.eclipse.aether.internal.impl.DefaultArtifactResolver.resolveArtifacts(DefaultArtifactResolver.java:246) ~[na:na]
	at org.eclipse.aether.internal.impl.DefaultArtifactResolver.resolveArtifact(DefaultArtifactResolver.java:223) ~[na:na]
	at org.eclipse.aether.internal.impl.DefaultRepositorySystem.resolveArtifact(DefaultRepositorySystem.java:294) ~[na:na]
	at org.eclipse.recommenders.models.ModelRepository.resolveInternal(ModelRepository.java:193) [org.eclipse.recommenders.models_2.4.6.v20170307-1041.jar:na]
	at org.eclipse.recommenders.models.ModelRepository.resolve(ModelRepository.java:172) [org.eclipse.recommenders.models_2.4.6.v20170307-1041.jar:na]
	at org.eclipse.recommenders.internal.models.rcp.EclipseModelRepository.resolve(EclipseModelRepository.java:169) [org.eclipse.recommenders.models.rcp_2.4.6.v20170307-1041.jar:na]
	at org.eclipse.recommenders.internal.models.rcp.DownloadModelArchiveJob.run(DownloadModelArchiveJob.java:76) [org.eclipse.recommenders.models.rcp_2.4.6.v20170307-1041.jar:na]
	at org.eclipse.core.internal.jobs.Worker.run(Worker.java:55) [org.eclipse.core.jobs_3.8.0.v20160509-0411.jar:na]
Caused by: org.eclipse.aether.transfer.ArtifactNotFoundException: Could not find artifact org.eclipse.recommenders:index:zip:0.0.0-SNAPSHOT in models (http://download.eclipse.org/recommenders/models/neon/)
	at org.eclipse.aether.connector.basic.ArtifactTransportListener.transferFailed(ArtifactTransportListener.java:39) ~[org.eclipse.aether.connector.basic_1.0.1.v20141111.jar:na]
	at org.eclipse.aether.connector.basic.BasicRepositoryConnector$TaskRunner.run(BasicRepositoryConnector.java:355) ~[org.eclipse.aether.connector.basic_1.0.1.v20141111.jar:na]
	at org.eclipse.aether.util.concurrency.RunnableErrorForwarder$1.run(RunnableErrorForwarder.java:67) ~[na:na]
	at org.eclipse.aether.connector.basic.BasicRepositoryConnector$DirectExecutor.execute(BasicRepositoryConnector.java:581) ~[org.eclipse.aether.connector.basic_1.0.1.v20141111.jar:na]
	at org.eclipse.aether.connector.basic.BasicRepositoryConnector.get(BasicRepositoryConnector.java:249) ~[org.eclipse.aether.connector.basic_1.0.1.v20141111.jar:na]
	at org.eclipse.aether.internal.impl.DefaultArtifactResolver.performDownloads(DefaultArtifactResolver.java:520) ~[na:na]
	at org.eclipse.aether.internal.impl.DefaultArtifactResolver.resolve(DefaultArtifactResolver.java:421) ~[na:na]
	... 8 common frames omitted
2021-08-18 09:31:48,134 [Worker-25] INFO  o.e.m.c.i.embedder.EclipseLogger - Using 'UTF-8' encoding to copy filtered resources.
2021-08-18 09:31:48,165 [Worker-25] INFO  o.e.m.c.i.embedder.EclipseLogger - Copying 1 resource
2021-08-18 09:31:48,212 [Worker-25] INFO  o.e.m.c.i.embedder.EclipseLogger - Copying 0 resource
2021-08-18 09:31:48,212 [Worker-25] INFO  o.e.m.c.i.embedder.EclipseLogger - Using 'UTF-8' encoding to copy filtered resources.
2021-08-18 09:31:48,212 [Worker-25] INFO  o.e.m.c.i.embedder.EclipseLogger - skip non existing resourceDirectory C:\Users\Mário\Desktop\contacturabackend\contactura\src\test\resources
2021-08-18 09:33:56,860 [Worker-29] INFO  o.e.m.c.i.embedder.EclipseLogger - Using 'UTF-8' encoding to copy filtered resources.
2021-08-18 09:33:56,907 [Worker-29] INFO  o.e.m.c.i.embedder.EclipseLogger - Copying 1 resource
2021-08-18 09:33:56,907 [Worker-29] INFO  o.e.m.c.i.embedder.EclipseLogger - Copying 0 resource
2021-08-18 09:33:56,907 [Worker-29] INFO  o.e.m.c.i.embedder.EclipseLogger - Using 'UTF-8' encoding to copy filtered resources.
2021-08-18 09:33:56,907 [Worker-29] INFO  o.e.m.c.i.embedder.EclipseLogger - skip non existing resourceDirectory C:\Users\Mário\Desktop\contacturabackend\contactura\src\test\resources
2021-08-18 09:58:07,736 [Worker-25] INFO  o.e.m.c.i.embedder.EclipseLogger - Using 'UTF-8' encoding to copy filtered resources.
2021-08-18 09:58:07,736 [Worker-25] INFO  o.e.m.c.i.embedder.EclipseLogger - Copying 1 resource
2021-08-18 09:58:07,751 [Worker-25] INFO  o.e.m.c.i.embedder.EclipseLogger - Copying 0 resource
2021-08-18 09:58:07,751 [Worker-25] INFO  o.e.m.c.i.embedder.EclipseLogger - Using 'UTF-8' encoding to copy filtered resources.
2021-08-18 09:58:07,751 [Worker-25] INFO  o.e.m.c.i.embedder.EclipseLogger - skip non existing resourceDirectory C:\Users\Mário\Desktop\contacturabackend\contactura\src\test\resources
2021-08-18 10:50:49,561 [Worker-45] INFO  o.e.m.c.i.embedder.EclipseLogger - Using 'UTF-8' encoding to copy filtered resources.
2021-08-18 10:50:49,563 [Worker-45] INFO  o.e.m.c.i.embedder.EclipseLogger - Copying 1 resource
2021-08-18 10:50:49,568 [Worker-45] INFO  o.e.m.c.i.embedder.EclipseLogger - Copying 0 resource
2021-08-18 10:50:49,572 [Worker-45] INFO  o.e.m.c.i.embedder.EclipseLogger - Using 'UTF-8' encoding to copy filtered resources.
2021-08-18 10:50:49,573 [Worker-45] INFO  o.e.m.c.i.embedder.EclipseLogger - skip non existing resourceDirectory C:\Users\Mário\Desktop\contacturabackend\contactura\src\test\resources
2021-08-19 19:24:29,552 [Worker-37] WARN  o.e.r.models.ModelRepository - Failed to download org.eclipse.recommenders:index::zip:0.0.0
org.eclipse.aether.resolution.ArtifactResolutionException: Could not find artifact org.eclipse.recommenders:index:zip:0.0.0-SNAPSHOT in models (http://download.eclipse.org/recommenders/models/neon/)
	at org.eclipse.aether.internal.impl.DefaultArtifactResolver.resolve(DefaultArtifactResolver.java:444) ~[na:na]
	at org.eclipse.aether.internal.impl.DefaultArtifactResolver.resolveArtifacts(DefaultArtifactResolver.java:246) ~[na:na]
	at org.eclipse.aether.internal.impl.DefaultArtifactResolver.resolveArtifact(DefaultArtifactResolver.java:223) ~[na:na]
	at org.eclipse.aether.internal.impl.DefaultRepositorySystem.resolveArtifact(DefaultRepositorySystem.java:294) ~[na:na]
	at org.eclipse.recommenders.models.ModelRepository.resolveInternal(ModelRepository.java:193) [org.eclipse.recommenders.models_2.4.6.v20170307-1041.jar:na]
	at org.eclipse.recommenders.models.ModelRepository.resolve(ModelRepository.java:172) [org.eclipse.recommenders.models_2.4.6.v20170307-1041.jar:na]
	at org.eclipse.recommenders.internal.models.rcp.EclipseModelRepository.resolve(EclipseModelRepository.java:169) [org.eclipse.recommenders.models.rcp_2.4.6.v20170307-1041.jar:na]
	at org.eclipse.recommenders.internal.models.rcp.DownloadModelArchiveJob.run(DownloadModelArchiveJob.java:76) [org.eclipse.recommenders.models.rcp_2.4.6.v20170307-1041.jar:na]
	at org.eclipse.core.internal.jobs.Worker.run(Worker.java:55) [org.eclipse.core.jobs_3.8.0.v20160509-0411.jar:na]
Caused by: org.eclipse.aether.transfer.ArtifactNotFoundException: Could not find artifact org.eclipse.recommenders:index:zip:0.0.0-SNAPSHOT in models (http://download.eclipse.org/recommenders/models/neon/)
	at org.eclipse.aether.connector.basic.ArtifactTransportListener.transferFailed(ArtifactTransportListener.java:39) ~[org.eclipse.aether.connector.basic_1.0.1.v20141111.jar:na]
	at org.eclipse.aether.connector.basic.BasicRepositoryConnector$TaskRunner.run(BasicRepositoryConnector.java:355) ~[org.eclipse.aether.connector.basic_1.0.1.v20141111.jar:na]
	at org.eclipse.aether.util.concurrency.RunnableErrorForwarder$1.run(RunnableErrorForwarder.java:67) ~[na:na]
	at org.eclipse.aether.connector.basic.BasicRepositoryConnector$DirectExecutor.execute(BasicRepositoryConnector.java:581) ~[org.eclipse.aether.connector.basic_1.0.1.v20141111.jar:na]
	at org.eclipse.aether.connector.basic.BasicRepositoryConnector.get(BasicRepositoryConnector.java:249) ~[org.eclipse.aether.connector.basic_1.0.1.v20141111.jar:na]
	at org.eclipse.aether.internal.impl.DefaultArtifactResolver.performDownloads(DefaultArtifactResolver.java:520) ~[na:na]
	at org.eclipse.aether.internal.impl.DefaultArtifactResolver.resolve(DefaultArtifactResolver.java:421) ~[na:na]
	... 8 common frames omitted
2021-08-19 19:31:34,431 [Worker-35] INFO  o.e.m.c.i.embedder.EclipseLogger - Using 'UTF-8' encoding to copy filtered resources.
2021-08-19 19:31:34,711 [Worker-35] INFO  o.e.m.c.i.embedder.EclipseLogger - Copying 1 resource
2021-08-19 19:31:35,931 [Worker-35] INFO  o.e.m.c.i.embedder.EclipseLogger - Copying 0 resource
2021-08-19 19:31:35,936 [Worker-35] INFO  o.e.m.c.i.embedder.EclipseLogger - Using 'UTF-8' encoding to copy filtered resources.
2021-08-19 19:31:35,937 [Worker-35] INFO  o.e.m.c.i.embedder.EclipseLogger - skip non existing resourceDirectory C:\Users\Mário\Desktop\contacturabackend\contactura\src\test\resources
2021-08-19 19:33:22,042 [Worker-35] INFO  o.e.m.c.i.embedder.EclipseLogger - Using 'UTF-8' encoding to copy filtered resources.
2021-08-19 19:33:22,053 [Worker-35] INFO  o.e.m.c.i.embedder.EclipseLogger - Copying 1 resource
2021-08-19 19:33:22,058 [Worker-35] INFO  o.e.m.c.i.embedder.EclipseLogger - Copying 0 resource
2021-08-19 19:33:22,062 [Worker-35] INFO  o.e.m.c.i.embedder.EclipseLogger - Using 'UTF-8' encoding to copy filtered resources.
2021-08-19 19:33:22,063 [Worker-35] INFO  o.e.m.c.i.embedder.EclipseLogger - skip non existing resourceDirectory C:\Users\Mário\Desktop\contacturabackend\contactura\src\test\resources
2021-08-19 19:33:49,932 [Worker-42] INFO  o.e.m.c.i.embedder.EclipseLogger - Using 'UTF-8' encoding to copy filtered resources.
2021-08-19 19:33:49,936 [Worker-42] INFO  o.e.m.c.i.embedder.EclipseLogger - Copying 1 resource
2021-08-19 19:33:49,941 [Worker-42] INFO  o.e.m.c.i.embedder.EclipseLogger - Copying 0 resource
2021-08-19 19:33:49,945 [Worker-42] INFO  o.e.m.c.i.embedder.EclipseLogger - Using 'UTF-8' encoding to copy filtered resources.
2021-08-19 19:33:49,945 [Worker-42] INFO  o.e.m.c.i.embedder.EclipseLogger - skip non existing resourceDirectory C:\Users\Mário\Desktop\contacturabackend\contactura\src\test\resources
2021-08-19 19:34:56,917 [Worker-35] INFO  o.e.m.c.i.p.ProjectConfigurationManager - Update started
2021-08-19 19:35:02,872 [Worker-35] INFO  o.e.m.c.i.l.LifecycleMappingFactory - Using org.eclipse.m2e.jdt.JarLifecycleMapping lifecycle mapping for MavenProject: com.contactura:contactura:0.0.1-SNAPSHOT @ C:\Users\Mário\Desktop\contacturabackend\contactura\pom.xml.
2021-08-19 19:35:07,155 [Worker-35] INFO  o.e.m.j.i.AbstractJavaProjectConfigurator - Adding source folder /contactura/src/main/java
2021-08-19 19:35:07,158 [Worker-35] INFO  o.e.m.j.i.AbstractJavaProjectConfigurator - Adding resource folder /contactura/src/main/resources
2021-08-19 19:35:07,159 [Worker-35] INFO  o.e.m.j.i.AbstractJavaProjectConfigurator - Adding resource folder /contactura/src/main/resources
2021-08-19 19:35:07,161 [Worker-35] INFO  o.e.m.j.i.AbstractJavaProjectConfigurator - Adding source folder /contactura/src/test/java
2021-08-19 19:35:08,269 [Worker-35] INFO  o.e.m.c.i.p.ProjectConfigurationManager - Update completed: 11 sec
2021-08-19 19:35:21,595 [Worker-35] INFO  o.e.m.c.i.embedder.EclipseLogger - Using 'UTF-8' encoding to copy filtered resources.
2021-08-19 19:35:21,597 [Worker-35] INFO  o.e.m.c.i.embedder.EclipseLogger - Copying 1 resource
2021-08-19 19:35:21,698 [Worker-35] INFO  o.e.m.c.i.embedder.EclipseLogger - Copying 0 resource
2021-08-19 19:35:21,705 [Worker-35] INFO  o.e.m.c.i.embedder.EclipseLogger - Using 'UTF-8' encoding to copy filtered resources.
2021-08-19 19:35:21,706 [Worker-35] INFO  o.e.m.c.i.embedder.EclipseLogger - skip non existing resourceDirectory C:\Users\Mário\Desktop\contacturabackend\contactura\src\test\resources
2021-08-19 19:37:52,842 [Worker-36] INFO  o.e.m.c.i.embedder.EclipseLogger - Using 'UTF-8' encoding to copy filtered resources.
2021-08-19 19:37:52,853 [Worker-36] INFO  o.e.m.c.i.embedder.EclipseLogger - Copying 1 resource
2021-08-19 19:37:52,858 [Worker-36] INFO  o.e.m.c.i.embedder.EclipseLogger - Copying 0 resource
2021-08-19 19:37:52,863 [Worker-36] INFO  o.e.m.c.i.embedder.EclipseLogger - Using 'UTF-8' encoding to copy filtered resources.
2021-08-19 19:37:52,864 [Worker-36] INFO  o.e.m.c.i.embedder.EclipseLogger - skip non existing resourceDirectory C:\Users\Mário\Desktop\contacturabackend\contactura\src\test\resources
2021-08-19 20:14:25,693 [Worker-48] INFO  o.e.m.c.i.embedder.EclipseLogger - Using 'UTF-8' encoding to copy filtered resources.
2021-08-19 20:14:25,696 [Worker-48] INFO  o.e.m.c.i.embedder.EclipseLogger - Copying 1 resource
2021-08-19 20:14:25,712 [Worker-48] INFO  o.e.m.c.i.embedder.EclipseLogger - Copying 0 resource
2021-08-19 20:14:25,716 [Worker-48] INFO  o.e.m.c.i.embedder.EclipseLogger - Using 'UTF-8' encoding to copy filtered resources.
2021-08-19 20:14:25,717 [Worker-48] INFO  o.e.m.c.i.embedder.EclipseLogger - skip non existing resourceDirectory C:\Users\Mário\Desktop\contacturabackend\contactura\src\test\resources
2021-08-19 21:17:03,991 [Worker-72] INFO  o.e.m.c.i.p.ProjectConfigurationManager - Update started
2021-08-19 21:17:14,922 [Worker-72] INFO  o.e.m.c.i.l.LifecycleMappingFactory - Using org.eclipse.m2e.jdt.JarLifecycleMapping lifecycle mapping for MavenProject: com.contactura:contactura:0.0.1-SNAPSHOT @ C:\Users\Mário\Desktop\contacturabackend\contactura\pom.xml.
2021-08-19 21:17:18,783 [Worker-72] WARN  o.e.m.c.i.embedder.EclipseLogger - The POM for org.springframework.boot:spring-boot-starter-security:jar:2.4.9 is missing, no dependency information available
2021-08-19 21:17:22,323 [Worker-72] INFO  o.e.m.j.i.AbstractJavaProjectConfigurator - Adding source folder /contactura/src/main/java
2021-08-19 21:17:22,323 [Worker-72] INFO  o.e.m.j.i.AbstractJavaProjectConfigurator - Adding resource folder /contactura/src/main/resources
2021-08-19 21:17:22,324 [Worker-72] INFO  o.e.m.j.i.AbstractJavaProjectConfigurator - Adding resource folder /contactura/src/main/resources
2021-08-19 21:17:22,324 [Worker-72] INFO  o.e.m.j.i.AbstractJavaProjectConfigurator - Adding source folder /contactura/src/test/java
2021-08-19 21:17:22,857 [Worker-72] INFO  o.e.m.c.i.p.ProjectConfigurationManager - Update completed: 18 sec
2021-08-19 21:17:33,053 [Worker-70] INFO  o.e.m.i.launch.MavenLaunchDelegate - C:\Users\Mário\Desktop\contacturabackend\contactura
2021-08-19 21:17:33,055 [Worker-70] INFO  o.e.m.i.launch.MavenLaunchDelegate -  mvn -B install
2021-08-19 21:24:26,878 [Worker-69] INFO  o.e.m.c.i.p.ProjectConfigurationManager - Update started
2021-08-19 21:24:34,128 [Worker-69] INFO  o.e.m.c.i.l.LifecycleMappingFactory - Using org.eclipse.m2e.jdt.JarLifecycleMapping lifecycle mapping for MavenProject: com.contactura:contactura:0.0.1-SNAPSHOT @ C:\Users\Mário\Desktop\contacturabackend\contactura\pom.xml.
2021-08-19 21:24:38,853 [Worker-69] INFO  o.e.m.j.i.AbstractJavaProjectConfigurator - Adding source folder /contactura/src/main/java
2021-08-19 21:24:38,854 [Worker-69] INFO  o.e.m.j.i.AbstractJavaProjectConfigurator - Adding resource folder /contactura/src/main/resources
2021-08-19 21:24:38,855 [Worker-69] INFO  o.e.m.j.i.AbstractJavaProjectConfigurator - Adding resource folder /contactura/src/main/resources
2021-08-19 21:24:38,856 [Worker-69] INFO  o.e.m.j.i.AbstractJavaProjectConfigurator - Adding source folder /contactura/src/test/java
2021-08-19 21:24:39,781 [Worker-69] INFO  o.e.m.c.i.p.ProjectConfigurationManager - Update completed: 12 sec
2021-08-19 21:29:43,433 [Worker-73] INFO  o.e.m.c.i.embedder.EclipseLogger - Using 'UTF-8' encoding to copy filtered resources.
2021-08-19 21:29:43,435 [Worker-73] INFO  o.e.m.c.i.embedder.EclipseLogger - Copying 1 resource
2021-08-19 21:29:43,484 [Worker-73] INFO  o.e.m.c.i.embedder.EclipseLogger - Copying 0 resource
2021-08-19 21:29:43,490 [Worker-73] INFO  o.e.m.c.i.embedder.EclipseLogger - Using 'UTF-8' encoding to copy filtered resources.
2021-08-19 21:29:43,490 [Worker-73] INFO  o.e.m.c.i.embedder.EclipseLogger - skip non existing resourceDirectory C:\Users\Mário\Desktop\contacturabackend\contactura\src\test\resources
2021-08-19 21:40:59,209 [Worker-85] INFO  o.e.m.c.i.embedder.EclipseLogger - Using 'UTF-8' encoding to copy filtered resources.
2021-08-19 21:40:59,288 [Worker-85] INFO  o.e.m.c.i.embedder.EclipseLogger - Copying 1 resource
2021-08-19 21:40:59,293 [Worker-85] INFO  o.e.m.c.i.embedder.EclipseLogger - Copying 0 resource
2021-08-19 21:40:59,298 [Worker-85] INFO  o.e.m.c.i.embedder.EclipseLogger - Using 'UTF-8' encoding to copy filtered resources.
2021-08-19 21:40:59,299 [Worker-85] INFO  o.e.m.c.i.embedder.EclipseLogger - skip non existing resourceDirectory C:\Users\Mário\Desktop\contacturabackend\contactura\src\test\resources
2021-08-19 22:02:53,606 [Worker-96] INFO  o.e.m.c.i.p.ProjectConfigurationManager - Update started
2021-08-19 22:02:57,143 [Worker-96] INFO  o.e.m.c.i.l.LifecycleMappingFactory - Using org.eclipse.m2e.jdt.JarLifecycleMapping lifecycle mapping for MavenProject: com.contactura:contactura:0.0.1-SNAPSHOT @ C:\Users\Mário\Desktop\contacturabackend\contactura\pom.xml.
2021-08-19 22:03:00,923 [Worker-96] INFO  o.e.m.j.i.AbstractJavaProjectConfigurator - Adding source folder /contactura/src/main/java
2021-08-19 22:03:00,924 [Worker-96] INFO  o.e.m.j.i.AbstractJavaProjectConfigurator - Adding resource folder /contactura/src/main/resources
2021-08-19 22:03:00,925 [Worker-96] INFO  o.e.m.j.i.AbstractJavaProjectConfigurator - Adding resource folder /contactura/src/main/resources
2021-08-19 22:03:00,925 [Worker-96] INFO  o.e.m.j.i.AbstractJavaProjectConfigurator - Adding source folder /contactura/src/test/java
2021-08-19 22:03:01,882 [Worker-96] INFO  o.e.m.c.i.p.ProjectConfigurationManager - Update completed: 8 sec
2021-08-19 22:07:05,817 [Worker-89] INFO  o.e.m.c.i.embedder.EclipseLogger - Using 'UTF-8' encoding to copy filtered resources.
2021-08-19 22:07:05,819 [Worker-89] INFO  o.e.m.c.i.embedder.EclipseLogger - Copying 1 resource
2021-08-19 22:07:06,111 [Worker-89] INFO  o.e.m.c.i.embedder.EclipseLogger - Copying 0 resource
2021-08-19 22:07:06,141 [Worker-89] INFO  o.e.m.c.i.embedder.EclipseLogger - Using 'UTF-8' encoding to copy filtered resources.
2021-08-19 22:07:06,144 [Worker-89] INFO  o.e.m.c.i.embedder.EclipseLogger - skip non existing resourceDirectory C:\Users\Mário\Desktop\contacturabackend\contactura\src\test\resources
